<?xml version="1.0" encoding="UTF-8"?>
<testng-results skipped="0" failed="5" ignored="0" total="14" passed="9">
  <reporter-output>
  </reporter-output>
  <suite name="Suite" duration-ms="262556" started-at="2020-01-27T10:39:52 GMT" finished-at="2020-01-27T10:44:14 GMT">
    <groups>
    </groups>
    <test name="Test" duration-ms="262556" started-at="2020-01-27T10:39:52 GMT" finished-at="2020-01-27T10:44:14 GMT">
      <class name="com.amazon.testpage.LoginTest">
        <test-method status="PASS" signature="beforeClass()[pri:0, instance:com.amazon.testpage.LoginTest@4d3167f4]" name="beforeClass" is-config="true" duration-ms="12226" started-at="2020-01-27T10:39:52 GMT" finished-at="2020-01-27T10:40:04 GMT">
          <reporter-output>
          </reporter-output>
        </test-method> <!-- beforeClass -->
        <test-method status="PASS" signature="beforeMethod()[pri:0, instance:com.amazon.testpage.LoginTest@4d3167f4]" name="beforeMethod" is-config="true" duration-ms="1454" started-at="2020-01-27T10:40:06 GMT" finished-at="2020-01-27T10:40:08 GMT">
          <reporter-output>
          </reporter-output>
        </test-method> <!-- beforeMethod -->
        <test-method status="PASS" signature="ScenarioFive(java.lang.String, java.lang.String, java.lang.String, java.lang.String, java.lang.String, java.lang.String, java.lang.String)[pri:0, instance:com.amazon.testpage.LoginTest@4d3167f4]" name="ScenarioFive" duration-ms="6349" started-at="2020-01-27T10:40:08 GMT" data-provider="getdatalogin" finished-at="2020-01-27T10:40:14 GMT">
          <params>
            <param index="0">
              <value>
                <![CDATA[g.gaurav2812@gmail.com]]>
              </value>
            </param>
            <param index="1">
              <value>
                <![CDATA[TWF1bGlAMjgxMiQ=]]>
              </value>
            </param>
            <param index="2">
              <value>
                <![CDATA[Hello, Gaurav]]>
              </value>
            </param>
            <param index="3">
              <value>
                <![CDATA[invalidEmail]]>
              </value>
            </param>
            <param index="4">
              <value>
                <![CDATA[invPass123]]>
              </value>
            </param>
            <param index="5">
              <value>
                <![CDATA[8793100405]]>
              </value>
            </param>
            <param index="6">
              <value>
                <![CDATA[1234]]>
              </value>
            </param>
          </params>
          <reporter-output>
          </reporter-output>
        </test-method> <!-- ScenarioFive -->
        <test-method status="PASS" signature="afterMethod()[pri:0, instance:com.amazon.testpage.LoginTest@4d3167f4]" name="afterMethod" is-config="true" duration-ms="0" started-at="2020-01-27T10:40:14 GMT" finished-at="2020-01-27T10:40:14 GMT">
          <reporter-output>
          </reporter-output>
        </test-method> <!-- afterMethod -->
        <test-method status="PASS" signature="beforeMethod()[pri:0, instance:com.amazon.testpage.LoginTest@4d3167f4]" name="beforeMethod" is-config="true" duration-ms="929" started-at="2020-01-27T10:40:14 GMT" finished-at="2020-01-27T10:40:15 GMT">
          <reporter-output>
          </reporter-output>
        </test-method> <!-- beforeMethod -->
        <test-method status="PASS" signature="ScenarioFour()[pri:0, instance:com.amazon.testpage.LoginTest@4d3167f4]" name="ScenarioFour" duration-ms="868" started-at="2020-01-27T10:40:15 GMT" finished-at="2020-01-27T10:40:16 GMT">
          <reporter-output>
          </reporter-output>
        </test-method> <!-- ScenarioFour -->
        <test-method status="PASS" signature="afterMethod()[pri:0, instance:com.amazon.testpage.LoginTest@4d3167f4]" name="afterMethod" is-config="true" duration-ms="1" started-at="2020-01-27T10:40:16 GMT" finished-at="2020-01-27T10:40:16 GMT">
          <reporter-output>
          </reporter-output>
        </test-method> <!-- afterMethod -->
        <test-method status="PASS" signature="beforeMethod()[pri:0, instance:com.amazon.testpage.LoginTest@4d3167f4]" name="beforeMethod" is-config="true" duration-ms="658" started-at="2020-01-27T10:40:16 GMT" finished-at="2020-01-27T10:40:17 GMT">
          <reporter-output>
          </reporter-output>
        </test-method> <!-- beforeMethod -->
        <test-method status="PASS" signature="ScenarioOne(java.lang.String, java.lang.String, java.lang.String, java.lang.String, java.lang.String, java.lang.String, java.lang.String)[pri:0, instance:com.amazon.testpage.LoginTest@4d3167f4]" name="ScenarioOne" duration-ms="36696" started-at="2020-01-27T10:40:17 GMT" data-provider="getdatalogin" finished-at="2020-01-27T10:40:53 GMT">
          <params>
            <param index="0">
              <value>
                <![CDATA[g.gaurav2812@gmail.com]]>
              </value>
            </param>
            <param index="1">
              <value>
                <![CDATA[TWF1bGlAMjgxMiQ=]]>
              </value>
            </param>
            <param index="2">
              <value>
                <![CDATA[Hello, Gaurav]]>
              </value>
            </param>
            <param index="3">
              <value>
                <![CDATA[invalidEmail]]>
              </value>
            </param>
            <param index="4">
              <value>
                <![CDATA[invPass123]]>
              </value>
            </param>
            <param index="5">
              <value>
                <![CDATA[8793100405]]>
              </value>
            </param>
            <param index="6">
              <value>
                <![CDATA[1234]]>
              </value>
            </param>
          </params>
          <reporter-output>
          </reporter-output>
        </test-method> <!-- ScenarioOne -->
        <test-method status="PASS" signature="afterMethod()[pri:0, instance:com.amazon.testpage.LoginTest@4d3167f4]" name="afterMethod" is-config="true" duration-ms="0" started-at="2020-01-27T10:40:53 GMT" finished-at="2020-01-27T10:40:53 GMT">
          <reporter-output>
          </reporter-output>
        </test-method> <!-- afterMethod -->
        <test-method status="PASS" signature="beforeMethod()[pri:0, instance:com.amazon.testpage.LoginTest@4d3167f4]" name="beforeMethod" is-config="true" duration-ms="1539" started-at="2020-01-27T10:40:53 GMT" finished-at="2020-01-27T10:40:55 GMT">
          <reporter-output>
          </reporter-output>
        </test-method> <!-- beforeMethod -->
        <test-method status="FAIL" signature="ScenarioSeven(java.lang.String, java.lang.String, java.lang.String, java.lang.String, java.lang.String, java.lang.String, java.lang.String)[pri:0, instance:com.amazon.testpage.LoginTest@4d3167f4]" name="ScenarioSeven" duration-ms="10064" started-at="2020-01-27T10:40:55 GMT" data-provider="getdatalogin" finished-at="2020-01-27T10:41:05 GMT">
          <params>
            <param index="0">
              <value>
                <![CDATA[g.gaurav2812@gmail.com]]>
              </value>
            </param>
            <param index="1">
              <value>
                <![CDATA[TWF1bGlAMjgxMiQ=]]>
              </value>
            </param>
            <param index="2">
              <value>
                <![CDATA[Hello, Gaurav]]>
              </value>
            </param>
            <param index="3">
              <value>
                <![CDATA[invalidEmail]]>
              </value>
            </param>
            <param index="4">
              <value>
                <![CDATA[invPass123]]>
              </value>
            </param>
            <param index="5">
              <value>
                <![CDATA[8793100405]]>
              </value>
            </param>
            <param index="6">
              <value>
                <![CDATA[1234]]>
              </value>
            </param>
          </params>
          <exception class="org.openqa.selenium.NoSuchElementException">
            <message>
              <![CDATA[no such element: Unable to locate element: {"method":"css selector","selector":"#ap_email"}
  (Session info: chrome=79.0.3945.130)
For documentation on this error, please visit: https://www.seleniumhq.org/exceptions/no_such_element.html
Build info: version: '3.141.59', revision: 'e82be7d358', time: '2018-11-14T08:17:03'
System info: host: 'PDCDT01GY4ZVQ1', ip: '192.168.2.3', os.name: 'Windows 7', os.arch: 'amd64', os.version: '6.1', java.version: '1.8.0_231'
Driver info: org.openqa.selenium.chrome.ChromeDriver
Capabilities {acceptInsecureCerts: false, browserName: chrome, browserVersion: 79.0.3945.130, chrome: {chromedriverVersion: 78.0.3904.70 (edb9c9f3de024..., userDataDir: C:\Users\P10444~1.PDC\AppDa...}, goog:chromeOptions: {debuggerAddress: localhost:57874}, javascriptEnabled: true, networkConnectionEnabled: false, pageLoadStrategy: normal, platform: XP, platformName: XP, proxy: Proxy(), setWindowRect: true, strictFileInteractability: false, timeouts: {implicit: 0, pageLoad: 300000, script: 30000}, unhandledPromptBehavior: dismiss and notify}
Session ID: 165d31c7fb96164e4960370f31dce033
*** Element info: {Using=id, value=ap_email}]]>
            </message>
            <full-stacktrace>
              <![CDATA[org.openqa.selenium.NoSuchElementException: no such element: Unable to locate element: {"method":"css selector","selector":"#ap_email"}
  (Session info: chrome=79.0.3945.130)
For documentation on this error, please visit: https://www.seleniumhq.org/exceptions/no_such_element.html
Build info: version: '3.141.59', revision: 'e82be7d358', time: '2018-11-14T08:17:03'
System info: host: 'PDCDT01GY4ZVQ1', ip: '192.168.2.3', os.name: 'Windows 7', os.arch: 'amd64', os.version: '6.1', java.version: '1.8.0_231'
Driver info: org.openqa.selenium.chrome.ChromeDriver
Capabilities {acceptInsecureCerts: false, browserName: chrome, browserVersion: 79.0.3945.130, chrome: {chromedriverVersion: 78.0.3904.70 (edb9c9f3de024..., userDataDir: C:\Users\P10444~1.PDC\AppDa...}, goog:chromeOptions: {debuggerAddress: localhost:57874}, javascriptEnabled: true, networkConnectionEnabled: false, pageLoadStrategy: normal, platform: XP, platformName: XP, proxy: Proxy(), setWindowRect: true, strictFileInteractability: false, timeouts: {implicit: 0, pageLoad: 300000, script: 30000}, unhandledPromptBehavior: dismiss and notify}
Session ID: 165d31c7fb96164e4960370f31dce033
*** Element info: {Using=id, value=ap_email}
at sun.reflect.NativeConstructorAccessorImpl.newInstance0(Native Method)
at sun.reflect.NativeConstructorAccessorImpl.newInstance(Unknown Source)
at sun.reflect.DelegatingConstructorAccessorImpl.newInstance(Unknown Source)
at java.lang.reflect.Constructor.newInstance(Unknown Source)
at org.openqa.selenium.remote.http.W3CHttpResponseCodec.createException(W3CHttpResponseCodec.java:187)
at org.openqa.selenium.remote.http.W3CHttpResponseCodec.decode(W3CHttpResponseCodec.java:122)
at org.openqa.selenium.remote.http.W3CHttpResponseCodec.decode(W3CHttpResponseCodec.java:49)
at org.openqa.selenium.remote.HttpCommandExecutor.execute(HttpCommandExecutor.java:158)
at org.openqa.selenium.remote.service.DriverCommandExecutor.execute(DriverCommandExecutor.java:83)
at org.openqa.selenium.remote.RemoteWebDriver.execute(RemoteWebDriver.java:552)
at org.openqa.selenium.remote.RemoteWebDriver.findElement(RemoteWebDriver.java:323)
at org.openqa.selenium.remote.RemoteWebDriver.findElementById(RemoteWebDriver.java:372)
at org.openqa.selenium.By$ById.findElement(By.java:188)
at org.openqa.selenium.remote.RemoteWebDriver.findElement(RemoteWebDriver.java:315)
at org.openqa.selenium.support.pagefactory.DefaultElementLocator.findElement(DefaultElementLocator.java:69)
at org.openqa.selenium.support.pagefactory.internal.LocatingElementHandler.invoke(LocatingElementHandler.java:38)
at com.sun.proxy.$Proxy12.sendKeys(Unknown Source)
at com.amazon.pages.LoginPage.EnterUsername(LoginPage.java:18)
at com.amazon.testpage.LoginTest.ScenarioSeven(LoginTest.java:382)
at sun.reflect.NativeMethodAccessorImpl.invoke0(Native Method)
at sun.reflect.NativeMethodAccessorImpl.invoke(Unknown Source)
at sun.reflect.DelegatingMethodAccessorImpl.invoke(Unknown Source)
at java.lang.reflect.Method.invoke(Unknown Source)
at org.testng.internal.MethodInvocationHelper.invokeMethod(MethodInvocationHelper.java:134)
at org.testng.internal.TestInvoker.invokeMethod(TestInvoker.java:597)
at org.testng.internal.TestInvoker.invokeTestMethod(TestInvoker.java:173)
at org.testng.internal.MethodRunner.runInSequence(MethodRunner.java:46)
at org.testng.internal.TestInvoker$MethodInvocationAgent.invoke(TestInvoker.java:816)
at org.testng.internal.TestInvoker.invokeTestMethods(TestInvoker.java:146)
at org.testng.internal.TestMethodWorker.invokeTestMethods(TestMethodWorker.java:146)
at org.testng.internal.TestMethodWorker.run(TestMethodWorker.java:128)
at java.util.ArrayList.forEach(Unknown Source)
at org.testng.TestRunner.privateRun(TestRunner.java:766)
at org.testng.TestRunner.run(TestRunner.java:587)
at org.testng.SuiteRunner.runTest(SuiteRunner.java:384)
at org.testng.SuiteRunner.runSequentially(SuiteRunner.java:378)
at org.testng.SuiteRunner.privateRun(SuiteRunner.java:337)
at org.testng.SuiteRunner.run(SuiteRunner.java:286)
at org.testng.SuiteRunnerWorker.runSuite(SuiteRunnerWorker.java:53)
at org.testng.SuiteRunnerWorker.run(SuiteRunnerWorker.java:96)
at org.testng.TestNG.runSuitesSequentially(TestNG.java:1187)
at org.testng.TestNG.runSuitesLocally(TestNG.java:1109)
at org.testng.TestNG.runSuites(TestNG.java:1039)
at org.testng.TestNG.run(TestNG.java:1007)
at org.testng.remote.AbstractRemoteTestNG.run(AbstractRemoteTestNG.java:115)
at org.testng.remote.RemoteTestNG.initAndRun(RemoteTestNG.java:251)
at org.testng.remote.RemoteTestNG.main(RemoteTestNG.java:77)
]]>
            </full-stacktrace>
          </exception> <!-- org.openqa.selenium.NoSuchElementException -->
          <reporter-output>
          </reporter-output>
        </test-method> <!-- ScenarioSeven -->
        <test-method status="PASS" signature="afterMethod()[pri:0, instance:com.amazon.testpage.LoginTest@4d3167f4]" name="afterMethod" is-config="true" duration-ms="2" started-at="2020-01-27T10:41:05 GMT" finished-at="2020-01-27T10:41:05 GMT">
          <reporter-output>
          </reporter-output>
        </test-method> <!-- afterMethod -->
        <test-method status="PASS" signature="beforeMethod()[pri:0, instance:com.amazon.testpage.LoginTest@4d3167f4]" name="beforeMethod" is-config="true" duration-ms="1683" started-at="2020-01-27T10:41:05 GMT" finished-at="2020-01-27T10:41:07 GMT">
          <reporter-output>
          </reporter-output>
        </test-method> <!-- beforeMethod -->
        <test-method status="FAIL" signature="ScenarioSix(java.lang.String, java.lang.String, java.lang.String, java.lang.String, java.lang.String, java.lang.String, java.lang.String)[pri:0, instance:com.amazon.testpage.LoginTest@4d3167f4]" name="ScenarioSix" duration-ms="10062" started-at="2020-01-27T10:41:07 GMT" data-provider="getdatalogin" finished-at="2020-01-27T10:41:17 GMT">
          <params>
            <param index="0">
              <value>
                <![CDATA[g.gaurav2812@gmail.com]]>
              </value>
            </param>
            <param index="1">
              <value>
                <![CDATA[TWF1bGlAMjgxMiQ=]]>
              </value>
            </param>
            <param index="2">
              <value>
                <![CDATA[Hello, Gaurav]]>
              </value>
            </param>
            <param index="3">
              <value>
                <![CDATA[invalidEmail]]>
              </value>
            </param>
            <param index="4">
              <value>
                <![CDATA[invPass123]]>
              </value>
            </param>
            <param index="5">
              <value>
                <![CDATA[8793100405]]>
              </value>
            </param>
            <param index="6">
              <value>
                <![CDATA[1234]]>
              </value>
            </param>
          </params>
          <exception class="org.openqa.selenium.NoSuchElementException">
            <message>
              <![CDATA[no such element: Unable to locate element: {"method":"css selector","selector":"#ap_email"}
  (Session info: chrome=79.0.3945.130)
For documentation on this error, please visit: https://www.seleniumhq.org/exceptions/no_such_element.html
Build info: version: '3.141.59', revision: 'e82be7d358', time: '2018-11-14T08:17:03'
System info: host: 'PDCDT01GY4ZVQ1', ip: '192.168.2.3', os.name: 'Windows 7', os.arch: 'amd64', os.version: '6.1', java.version: '1.8.0_231'
Driver info: org.openqa.selenium.chrome.ChromeDriver
Capabilities {acceptInsecureCerts: false, browserName: chrome, browserVersion: 79.0.3945.130, chrome: {chromedriverVersion: 78.0.3904.70 (edb9c9f3de024..., userDataDir: C:\Users\P10444~1.PDC\AppDa...}, goog:chromeOptions: {debuggerAddress: localhost:57874}, javascriptEnabled: true, networkConnectionEnabled: false, pageLoadStrategy: normal, platform: XP, platformName: XP, proxy: Proxy(), setWindowRect: true, strictFileInteractability: false, timeouts: {implicit: 0, pageLoad: 300000, script: 30000}, unhandledPromptBehavior: dismiss and notify}
Session ID: 165d31c7fb96164e4960370f31dce033
*** Element info: {Using=id, value=ap_email}]]>
            </message>
            <full-stacktrace>
              <![CDATA[org.openqa.selenium.NoSuchElementException: no such element: Unable to locate element: {"method":"css selector","selector":"#ap_email"}
  (Session info: chrome=79.0.3945.130)
For documentation on this error, please visit: https://www.seleniumhq.org/exceptions/no_such_element.html
Build info: version: '3.141.59', revision: 'e82be7d358', time: '2018-11-14T08:17:03'
System info: host: 'PDCDT01GY4ZVQ1', ip: '192.168.2.3', os.name: 'Windows 7', os.arch: 'amd64', os.version: '6.1', java.version: '1.8.0_231'
Driver info: org.openqa.selenium.chrome.ChromeDriver
Capabilities {acceptInsecureCerts: false, browserName: chrome, browserVersion: 79.0.3945.130, chrome: {chromedriverVersion: 78.0.3904.70 (edb9c9f3de024..., userDataDir: C:\Users\P10444~1.PDC\AppDa...}, goog:chromeOptions: {debuggerAddress: localhost:57874}, javascriptEnabled: true, networkConnectionEnabled: false, pageLoadStrategy: normal, platform: XP, platformName: XP, proxy: Proxy(), setWindowRect: true, strictFileInteractability: false, timeouts: {implicit: 0, pageLoad: 300000, script: 30000}, unhandledPromptBehavior: dismiss and notify}
Session ID: 165d31c7fb96164e4960370f31dce033
*** Element info: {Using=id, value=ap_email}
at sun.reflect.NativeConstructorAccessorImpl.newInstance0(Native Method)
at sun.reflect.NativeConstructorAccessorImpl.newInstance(Unknown Source)
at sun.reflect.DelegatingConstructorAccessorImpl.newInstance(Unknown Source)
at java.lang.reflect.Constructor.newInstance(Unknown Source)
at org.openqa.selenium.remote.http.W3CHttpResponseCodec.createException(W3CHttpResponseCodec.java:187)
at org.openqa.selenium.remote.http.W3CHttpResponseCodec.decode(W3CHttpResponseCodec.java:122)
at org.openqa.selenium.remote.http.W3CHttpResponseCodec.decode(W3CHttpResponseCodec.java:49)
at org.openqa.selenium.remote.HttpCommandExecutor.execute(HttpCommandExecutor.java:158)
at org.openqa.selenium.remote.service.DriverCommandExecutor.execute(DriverCommandExecutor.java:83)
at org.openqa.selenium.remote.RemoteWebDriver.execute(RemoteWebDriver.java:552)
at org.openqa.selenium.remote.RemoteWebDriver.findElement(RemoteWebDriver.java:323)
at org.openqa.selenium.remote.RemoteWebDriver.findElementById(RemoteWebDriver.java:372)
at org.openqa.selenium.By$ById.findElement(By.java:188)
at org.openqa.selenium.remote.RemoteWebDriver.findElement(RemoteWebDriver.java:315)
at org.openqa.selenium.support.pagefactory.DefaultElementLocator.findElement(DefaultElementLocator.java:69)
at org.openqa.selenium.support.pagefactory.internal.LocatingElementHandler.invoke(LocatingElementHandler.java:38)
at com.sun.proxy.$Proxy12.sendKeys(Unknown Source)
at com.amazon.pages.LoginPage.EnterUsername(LoginPage.java:18)
at com.amazon.testpage.LoginTest.ScenarioSix(LoginTest.java:301)
at sun.reflect.NativeMethodAccessorImpl.invoke0(Native Method)
at sun.reflect.NativeMethodAccessorImpl.invoke(Unknown Source)
at sun.reflect.DelegatingMethodAccessorImpl.invoke(Unknown Source)
at java.lang.reflect.Method.invoke(Unknown Source)
at org.testng.internal.MethodInvocationHelper.invokeMethod(MethodInvocationHelper.java:134)
at org.testng.internal.TestInvoker.invokeMethod(TestInvoker.java:597)
at org.testng.internal.TestInvoker.invokeTestMethod(TestInvoker.java:173)
at org.testng.internal.MethodRunner.runInSequence(MethodRunner.java:46)
at org.testng.internal.TestInvoker$MethodInvocationAgent.invoke(TestInvoker.java:816)
at org.testng.internal.TestInvoker.invokeTestMethods(TestInvoker.java:146)
at org.testng.internal.TestMethodWorker.invokeTestMethods(TestMethodWorker.java:146)
at org.testng.internal.TestMethodWorker.run(TestMethodWorker.java:128)
at java.util.ArrayList.forEach(Unknown Source)
at org.testng.TestRunner.privateRun(TestRunner.java:766)
at org.testng.TestRunner.run(TestRunner.java:587)
at org.testng.SuiteRunner.runTest(SuiteRunner.java:384)
at org.testng.SuiteRunner.runSequentially(SuiteRunner.java:378)
at org.testng.SuiteRunner.privateRun(SuiteRunner.java:337)
at org.testng.SuiteRunner.run(SuiteRunner.java:286)
at org.testng.SuiteRunnerWorker.runSuite(SuiteRunnerWorker.java:53)
at org.testng.SuiteRunnerWorker.run(SuiteRunnerWorker.java:96)
at org.testng.TestNG.runSuitesSequentially(TestNG.java:1187)
at org.testng.TestNG.runSuitesLocally(TestNG.java:1109)
at org.testng.TestNG.runSuites(TestNG.java:1039)
at org.testng.TestNG.run(TestNG.java:1007)
at org.testng.remote.AbstractRemoteTestNG.run(AbstractRemoteTestNG.java:115)
at org.testng.remote.RemoteTestNG.initAndRun(RemoteTestNG.java:251)
at org.testng.remote.RemoteTestNG.main(RemoteTestNG.java:77)
]]>
            </full-stacktrace>
          </exception> <!-- org.openqa.selenium.NoSuchElementException -->
          <reporter-output>
          </reporter-output>
        </test-method> <!-- ScenarioSix -->
        <test-method status="PASS" signature="afterMethod()[pri:0, instance:com.amazon.testpage.LoginTest@4d3167f4]" name="afterMethod" is-config="true" duration-ms="1" started-at="2020-01-27T10:41:17 GMT" finished-at="2020-01-27T10:41:17 GMT">
          <reporter-output>
          </reporter-output>
        </test-method> <!-- afterMethod -->
        <test-method status="PASS" signature="beforeMethod()[pri:0, instance:com.amazon.testpage.LoginTest@4d3167f4]" name="beforeMethod" is-config="true" duration-ms="1418" started-at="2020-01-27T10:41:17 GMT" finished-at="2020-01-27T10:41:18 GMT">
          <reporter-output>
          </reporter-output>
        </test-method> <!-- beforeMethod -->
        <test-method status="FAIL" signature="ScenarioThree(java.lang.String, java.lang.String, java.lang.String, java.lang.String, java.lang.String, java.lang.String, java.lang.String)[pri:0, instance:com.amazon.testpage.LoginTest@4d3167f4]" name="ScenarioThree" duration-ms="10033" started-at="2020-01-27T10:41:18 GMT" data-provider="getdatalogin" finished-at="2020-01-27T10:41:29 GMT">
          <params>
            <param index="0">
              <value>
                <![CDATA[g.gaurav2812@gmail.com]]>
              </value>
            </param>
            <param index="1">
              <value>
                <![CDATA[TWF1bGlAMjgxMiQ=]]>
              </value>
            </param>
            <param index="2">
              <value>
                <![CDATA[Hello, Gaurav]]>
              </value>
            </param>
            <param index="3">
              <value>
                <![CDATA[invalidEmail]]>
              </value>
            </param>
            <param index="4">
              <value>
                <![CDATA[invPass123]]>
              </value>
            </param>
            <param index="5">
              <value>
                <![CDATA[8793100405]]>
              </value>
            </param>
            <param index="6">
              <value>
                <![CDATA[1234]]>
              </value>
            </param>
          </params>
          <exception class="org.openqa.selenium.NoSuchElementException">
            <message>
              <![CDATA[no such element: Unable to locate element: {"method":"css selector","selector":"#ap_email"}
  (Session info: chrome=79.0.3945.130)
For documentation on this error, please visit: https://www.seleniumhq.org/exceptions/no_such_element.html
Build info: version: '3.141.59', revision: 'e82be7d358', time: '2018-11-14T08:17:03'
System info: host: 'PDCDT01GY4ZVQ1', ip: '192.168.2.3', os.name: 'Windows 7', os.arch: 'amd64', os.version: '6.1', java.version: '1.8.0_231'
Driver info: org.openqa.selenium.chrome.ChromeDriver
Capabilities {acceptInsecureCerts: false, browserName: chrome, browserVersion: 79.0.3945.130, chrome: {chromedriverVersion: 78.0.3904.70 (edb9c9f3de024..., userDataDir: C:\Users\P10444~1.PDC\AppDa...}, goog:chromeOptions: {debuggerAddress: localhost:57874}, javascriptEnabled: true, networkConnectionEnabled: false, pageLoadStrategy: normal, platform: XP, platformName: XP, proxy: Proxy(), setWindowRect: true, strictFileInteractability: false, timeouts: {implicit: 0, pageLoad: 300000, script: 30000}, unhandledPromptBehavior: dismiss and notify}
Session ID: 165d31c7fb96164e4960370f31dce033
*** Element info: {Using=id, value=ap_email}]]>
            </message>
            <full-stacktrace>
              <![CDATA[org.openqa.selenium.NoSuchElementException: no such element: Unable to locate element: {"method":"css selector","selector":"#ap_email"}
  (Session info: chrome=79.0.3945.130)
For documentation on this error, please visit: https://www.seleniumhq.org/exceptions/no_such_element.html
Build info: version: '3.141.59', revision: 'e82be7d358', time: '2018-11-14T08:17:03'
System info: host: 'PDCDT01GY4ZVQ1', ip: '192.168.2.3', os.name: 'Windows 7', os.arch: 'amd64', os.version: '6.1', java.version: '1.8.0_231'
Driver info: org.openqa.selenium.chrome.ChromeDriver
Capabilities {acceptInsecureCerts: false, browserName: chrome, browserVersion: 79.0.3945.130, chrome: {chromedriverVersion: 78.0.3904.70 (edb9c9f3de024..., userDataDir: C:\Users\P10444~1.PDC\AppDa...}, goog:chromeOptions: {debuggerAddress: localhost:57874}, javascriptEnabled: true, networkConnectionEnabled: false, pageLoadStrategy: normal, platform: XP, platformName: XP, proxy: Proxy(), setWindowRect: true, strictFileInteractability: false, timeouts: {implicit: 0, pageLoad: 300000, script: 30000}, unhandledPromptBehavior: dismiss and notify}
Session ID: 165d31c7fb96164e4960370f31dce033
*** Element info: {Using=id, value=ap_email}
at sun.reflect.NativeConstructorAccessorImpl.newInstance0(Native Method)
at sun.reflect.NativeConstructorAccessorImpl.newInstance(Unknown Source)
at sun.reflect.DelegatingConstructorAccessorImpl.newInstance(Unknown Source)
at java.lang.reflect.Constructor.newInstance(Unknown Source)
at org.openqa.selenium.remote.http.W3CHttpResponseCodec.createException(W3CHttpResponseCodec.java:187)
at org.openqa.selenium.remote.http.W3CHttpResponseCodec.decode(W3CHttpResponseCodec.java:122)
at org.openqa.selenium.remote.http.W3CHttpResponseCodec.decode(W3CHttpResponseCodec.java:49)
at org.openqa.selenium.remote.HttpCommandExecutor.execute(HttpCommandExecutor.java:158)
at org.openqa.selenium.remote.service.DriverCommandExecutor.execute(DriverCommandExecutor.java:83)
at org.openqa.selenium.remote.RemoteWebDriver.execute(RemoteWebDriver.java:552)
at org.openqa.selenium.remote.RemoteWebDriver.findElement(RemoteWebDriver.java:323)
at org.openqa.selenium.remote.RemoteWebDriver.findElementById(RemoteWebDriver.java:372)
at org.openqa.selenium.By$ById.findElement(By.java:188)
at org.openqa.selenium.remote.RemoteWebDriver.findElement(RemoteWebDriver.java:315)
at org.openqa.selenium.support.pagefactory.DefaultElementLocator.findElement(DefaultElementLocator.java:69)
at org.openqa.selenium.support.pagefactory.internal.LocatingElementHandler.invoke(LocatingElementHandler.java:38)
at com.sun.proxy.$Proxy12.sendKeys(Unknown Source)
at com.amazon.pages.LoginPage.EnterUsername(LoginPage.java:18)
at com.amazon.testpage.LoginTest.ScenarioThree(LoginTest.java:194)
at sun.reflect.NativeMethodAccessorImpl.invoke0(Native Method)
at sun.reflect.NativeMethodAccessorImpl.invoke(Unknown Source)
at sun.reflect.DelegatingMethodAccessorImpl.invoke(Unknown Source)
at java.lang.reflect.Method.invoke(Unknown Source)
at org.testng.internal.MethodInvocationHelper.invokeMethod(MethodInvocationHelper.java:134)
at org.testng.internal.TestInvoker.invokeMethod(TestInvoker.java:597)
at org.testng.internal.TestInvoker.invokeTestMethod(TestInvoker.java:173)
at org.testng.internal.MethodRunner.runInSequence(MethodRunner.java:46)
at org.testng.internal.TestInvoker$MethodInvocationAgent.invoke(TestInvoker.java:816)
at org.testng.internal.TestInvoker.invokeTestMethods(TestInvoker.java:146)
at org.testng.internal.TestMethodWorker.invokeTestMethods(TestMethodWorker.java:146)
at org.testng.internal.TestMethodWorker.run(TestMethodWorker.java:128)
at java.util.ArrayList.forEach(Unknown Source)
at org.testng.TestRunner.privateRun(TestRunner.java:766)
at org.testng.TestRunner.run(TestRunner.java:587)
at org.testng.SuiteRunner.runTest(SuiteRunner.java:384)
at org.testng.SuiteRunner.runSequentially(SuiteRunner.java:378)
at org.testng.SuiteRunner.privateRun(SuiteRunner.java:337)
at org.testng.SuiteRunner.run(SuiteRunner.java:286)
at org.testng.SuiteRunnerWorker.runSuite(SuiteRunnerWorker.java:53)
at org.testng.SuiteRunnerWorker.run(SuiteRunnerWorker.java:96)
at org.testng.TestNG.runSuitesSequentially(TestNG.java:1187)
at org.testng.TestNG.runSuitesLocally(TestNG.java:1109)
at org.testng.TestNG.runSuites(TestNG.java:1039)
at org.testng.TestNG.run(TestNG.java:1007)
at org.testng.remote.AbstractRemoteTestNG.run(AbstractRemoteTestNG.java:115)
at org.testng.remote.RemoteTestNG.initAndRun(RemoteTestNG.java:251)
at org.testng.remote.RemoteTestNG.main(RemoteTestNG.java:77)
]]>
            </full-stacktrace>
          </exception> <!-- org.openqa.selenium.NoSuchElementException -->
          <reporter-output>
          </reporter-output>
        </test-method> <!-- ScenarioThree -->
        <test-method status="PASS" signature="afterMethod()[pri:0, instance:com.amazon.testpage.LoginTest@4d3167f4]" name="afterMethod" is-config="true" duration-ms="1" started-at="2020-01-27T10:41:29 GMT" finished-at="2020-01-27T10:41:29 GMT">
          <reporter-output>
          </reporter-output>
        </test-method> <!-- afterMethod -->
        <test-method status="PASS" signature="beforeMethod()[pri:0, instance:com.amazon.testpage.LoginTest@4d3167f4]" name="beforeMethod" is-config="true" duration-ms="1704" started-at="2020-01-27T10:41:29 GMT" finished-at="2020-01-27T10:41:30 GMT">
          <reporter-output>
          </reporter-output>
        </test-method> <!-- beforeMethod -->
        <test-method status="FAIL" signature="ScenarioTwo(java.lang.String, java.lang.String, java.lang.String, java.lang.String, java.lang.String, java.lang.String, java.lang.String)[pri:0, instance:com.amazon.testpage.LoginTest@4d3167f4]" name="ScenarioTwo" duration-ms="10055" started-at="2020-01-27T10:41:30 GMT" data-provider="getdatalogin" finished-at="2020-01-27T10:41:40 GMT">
          <params>
            <param index="0">
              <value>
                <![CDATA[g.gaurav2812@gmail.com]]>
              </value>
            </param>
            <param index="1">
              <value>
                <![CDATA[TWF1bGlAMjgxMiQ=]]>
              </value>
            </param>
            <param index="2">
              <value>
                <![CDATA[Hello, Gaurav]]>
              </value>
            </param>
            <param index="3">
              <value>
                <![CDATA[invalidEmail]]>
              </value>
            </param>
            <param index="4">
              <value>
                <![CDATA[invPass123]]>
              </value>
            </param>
            <param index="5">
              <value>
                <![CDATA[8793100405]]>
              </value>
            </param>
            <param index="6">
              <value>
                <![CDATA[1234]]>
              </value>
            </param>
          </params>
          <exception class="org.openqa.selenium.NoSuchElementException">
            <message>
              <![CDATA[no such element: Unable to locate element: {"method":"css selector","selector":"#ap_email"}
  (Session info: chrome=79.0.3945.130)
For documentation on this error, please visit: https://www.seleniumhq.org/exceptions/no_such_element.html
Build info: version: '3.141.59', revision: 'e82be7d358', time: '2018-11-14T08:17:03'
System info: host: 'PDCDT01GY4ZVQ1', ip: '192.168.2.3', os.name: 'Windows 7', os.arch: 'amd64', os.version: '6.1', java.version: '1.8.0_231'
Driver info: org.openqa.selenium.chrome.ChromeDriver
Capabilities {acceptInsecureCerts: false, browserName: chrome, browserVersion: 79.0.3945.130, chrome: {chromedriverVersion: 78.0.3904.70 (edb9c9f3de024..., userDataDir: C:\Users\P10444~1.PDC\AppDa...}, goog:chromeOptions: {debuggerAddress: localhost:57874}, javascriptEnabled: true, networkConnectionEnabled: false, pageLoadStrategy: normal, platform: XP, platformName: XP, proxy: Proxy(), setWindowRect: true, strictFileInteractability: false, timeouts: {implicit: 0, pageLoad: 300000, script: 30000}, unhandledPromptBehavior: dismiss and notify}
Session ID: 165d31c7fb96164e4960370f31dce033
*** Element info: {Using=id, value=ap_email}]]>
            </message>
            <full-stacktrace>
              <![CDATA[org.openqa.selenium.NoSuchElementException: no such element: Unable to locate element: {"method":"css selector","selector":"#ap_email"}
  (Session info: chrome=79.0.3945.130)
For documentation on this error, please visit: https://www.seleniumhq.org/exceptions/no_such_element.html
Build info: version: '3.141.59', revision: 'e82be7d358', time: '2018-11-14T08:17:03'
System info: host: 'PDCDT01GY4ZVQ1', ip: '192.168.2.3', os.name: 'Windows 7', os.arch: 'amd64', os.version: '6.1', java.version: '1.8.0_231'
Driver info: org.openqa.selenium.chrome.ChromeDriver
Capabilities {acceptInsecureCerts: false, browserName: chrome, browserVersion: 79.0.3945.130, chrome: {chromedriverVersion: 78.0.3904.70 (edb9c9f3de024..., userDataDir: C:\Users\P10444~1.PDC\AppDa...}, goog:chromeOptions: {debuggerAddress: localhost:57874}, javascriptEnabled: true, networkConnectionEnabled: false, pageLoadStrategy: normal, platform: XP, platformName: XP, proxy: Proxy(), setWindowRect: true, strictFileInteractability: false, timeouts: {implicit: 0, pageLoad: 300000, script: 30000}, unhandledPromptBehavior: dismiss and notify}
Session ID: 165d31c7fb96164e4960370f31dce033
*** Element info: {Using=id, value=ap_email}
at sun.reflect.NativeConstructorAccessorImpl.newInstance0(Native Method)
at sun.reflect.NativeConstructorAccessorImpl.newInstance(Unknown Source)
at sun.reflect.DelegatingConstructorAccessorImpl.newInstance(Unknown Source)
at java.lang.reflect.Constructor.newInstance(Unknown Source)
at org.openqa.selenium.remote.http.W3CHttpResponseCodec.createException(W3CHttpResponseCodec.java:187)
at org.openqa.selenium.remote.http.W3CHttpResponseCodec.decode(W3CHttpResponseCodec.java:122)
at org.openqa.selenium.remote.http.W3CHttpResponseCodec.decode(W3CHttpResponseCodec.java:49)
at org.openqa.selenium.remote.HttpCommandExecutor.execute(HttpCommandExecutor.java:158)
at org.openqa.selenium.remote.service.DriverCommandExecutor.execute(DriverCommandExecutor.java:83)
at org.openqa.selenium.remote.RemoteWebDriver.execute(RemoteWebDriver.java:552)
at org.openqa.selenium.remote.RemoteWebDriver.findElement(RemoteWebDriver.java:323)
at org.openqa.selenium.remote.RemoteWebDriver.findElementById(RemoteWebDriver.java:372)
at org.openqa.selenium.By$ById.findElement(By.java:188)
at org.openqa.selenium.remote.RemoteWebDriver.findElement(RemoteWebDriver.java:315)
at org.openqa.selenium.support.pagefactory.DefaultElementLocator.findElement(DefaultElementLocator.java:69)
at org.openqa.selenium.support.pagefactory.internal.LocatingElementHandler.invoke(LocatingElementHandler.java:38)
at com.sun.proxy.$Proxy12.sendKeys(Unknown Source)
at com.amazon.pages.LoginPage.EnterUsername(LoginPage.java:18)
at com.amazon.testpage.LoginTest.ScenarioTwo(LoginTest.java:165)
at sun.reflect.NativeMethodAccessorImpl.invoke0(Native Method)
at sun.reflect.NativeMethodAccessorImpl.invoke(Unknown Source)
at sun.reflect.DelegatingMethodAccessorImpl.invoke(Unknown Source)
at java.lang.reflect.Method.invoke(Unknown Source)
at org.testng.internal.MethodInvocationHelper.invokeMethod(MethodInvocationHelper.java:134)
at org.testng.internal.TestInvoker.invokeMethod(TestInvoker.java:597)
at org.testng.internal.TestInvoker.invokeTestMethod(TestInvoker.java:173)
at org.testng.internal.MethodRunner.runInSequence(MethodRunner.java:46)
at org.testng.internal.TestInvoker$MethodInvocationAgent.invoke(TestInvoker.java:816)
at org.testng.internal.TestInvoker.invokeTestMethods(TestInvoker.java:146)
at org.testng.internal.TestMethodWorker.invokeTestMethods(TestMethodWorker.java:146)
at org.testng.internal.TestMethodWorker.run(TestMethodWorker.java:128)
at java.util.ArrayList.forEach(Unknown Source)
at org.testng.TestRunner.privateRun(TestRunner.java:766)
at org.testng.TestRunner.run(TestRunner.java:587)
at org.testng.SuiteRunner.runTest(SuiteRunner.java:384)
at org.testng.SuiteRunner.runSequentially(SuiteRunner.java:378)
at org.testng.SuiteRunner.privateRun(SuiteRunner.java:337)
at org.testng.SuiteRunner.run(SuiteRunner.java:286)
at org.testng.SuiteRunnerWorker.runSuite(SuiteRunnerWorker.java:53)
at org.testng.SuiteRunnerWorker.run(SuiteRunnerWorker.java:96)
at org.testng.TestNG.runSuitesSequentially(TestNG.java:1187)
at org.testng.TestNG.runSuitesLocally(TestNG.java:1109)
at org.testng.TestNG.runSuites(TestNG.java:1039)
at org.testng.TestNG.run(TestNG.java:1007)
at org.testng.remote.AbstractRemoteTestNG.run(AbstractRemoteTestNG.java:115)
at org.testng.remote.RemoteTestNG.initAndRun(RemoteTestNG.java:251)
at org.testng.remote.RemoteTestNG.main(RemoteTestNG.java:77)
]]>
            </full-stacktrace>
          </exception> <!-- org.openqa.selenium.NoSuchElementException -->
          <reporter-output>
          </reporter-output>
        </test-method> <!-- ScenarioTwo -->
        <test-method status="PASS" signature="afterMethod()[pri:0, instance:com.amazon.testpage.LoginTest@4d3167f4]" name="afterMethod" is-config="true" duration-ms="0" started-at="2020-01-27T10:41:40 GMT" finished-at="2020-01-27T10:41:40 GMT">
          <reporter-output>
          </reporter-output>
        </test-method> <!-- afterMethod -->
        <test-method status="PASS" signature="afterClass()[pri:0, instance:com.amazon.testpage.LoginTest@4d3167f4]" name="afterClass" is-config="true" duration-ms="3347" started-at="2020-01-27T10:41:40 GMT" finished-at="2020-01-27T10:41:44 GMT">
          <reporter-output>
          </reporter-output>
        </test-method> <!-- afterClass -->
      </class> <!-- com.amazon.testpage.LoginTest -->
      <class name="com.amazon.testpage.RegistrationTest">
        <test-method status="PASS" signature="beforeClass()[pri:0, instance:com.amazon.testpage.RegistrationTest@ed9d034]" name="beforeClass" is-config="true" duration-ms="5359" started-at="2020-01-27T10:41:44 GMT" finished-at="2020-01-27T10:41:49 GMT">
          <reporter-output>
          </reporter-output>
        </test-method> <!-- beforeClass -->
        <test-method status="PASS" signature="beforeMethod()[pri:0, instance:com.amazon.testpage.RegistrationTest@ed9d034]" name="beforeMethod" is-config="true" duration-ms="4617" started-at="2020-01-27T10:41:49 GMT" finished-at="2020-01-27T10:41:54 GMT">
          <reporter-output>
          </reporter-output>
        </test-method> <!-- beforeMethod -->
        <test-method status="PASS" signature="ScenarioFive(java.lang.String, java.lang.String, java.lang.String, java.lang.String, java.lang.String)[pri:0, instance:com.amazon.testpage.RegistrationTest@ed9d034]" name="ScenarioFive" duration-ms="4044" started-at="2020-01-27T10:41:54 GMT" data-provider="getdata" finished-at="2020-01-27T10:41:58 GMT">
          <params>
            <param index="0">
              <value>
                <![CDATA[Gaurav Garje]]>
              </value>
            </param>
            <param index="1">
              <value>
                <![CDATA[8421352651]]>
              </value>
            </param>
            <param index="2">
              <value>
                <![CDATA[example.amazon@gmail.com]]>
              </value>
            </param>
            <param index="3">
              <value>
                <![CDATA[Abcdef123]]>
              </value>
            </param>
            <param index="4">
              <value>
                <![CDATA[Hello, Gaurav]]>
              </value>
            </param>
          </params>
          <reporter-output>
          </reporter-output>
        </test-method> <!-- ScenarioFive -->
        <test-method status="PASS" signature="afterMethod()[pri:0, instance:com.amazon.testpage.RegistrationTest@ed9d034]" name="afterMethod" is-config="true" duration-ms="0" started-at="2020-01-27T10:41:58 GMT" finished-at="2020-01-27T10:41:58 GMT">
          <reporter-output>
          </reporter-output>
        </test-method> <!-- afterMethod -->
        <test-method status="PASS" signature="beforeMethod()[pri:0, instance:com.amazon.testpage.RegistrationTest@ed9d034]" name="beforeMethod" is-config="true" duration-ms="1200" started-at="2020-01-27T10:41:58 GMT" finished-at="2020-01-27T10:41:59 GMT">
          <reporter-output>
          </reporter-output>
        </test-method> <!-- beforeMethod -->
        <test-method status="PASS" signature="ScenarioFour(java.lang.String, java.lang.String, java.lang.String, java.lang.String, java.lang.String)[pri:0, instance:com.amazon.testpage.RegistrationTest@ed9d034]" name="ScenarioFour" duration-ms="1888" started-at="2020-01-27T10:41:59 GMT" data-provider="getdata" finished-at="2020-01-27T10:42:01 GMT">
          <params>
            <param index="0">
              <value>
                <![CDATA[Gaurav Garje]]>
              </value>
            </param>
            <param index="1">
              <value>
                <![CDATA[8421352651]]>
              </value>
            </param>
            <param index="2">
              <value>
                <![CDATA[example.amazon@gmail.com]]>
              </value>
            </param>
            <param index="3">
              <value>
                <![CDATA[Abcdef123]]>
              </value>
            </param>
            <param index="4">
              <value>
                <![CDATA[Hello, Gaurav]]>
              </value>
            </param>
          </params>
          <reporter-output>
          </reporter-output>
        </test-method> <!-- ScenarioFour -->
        <test-method status="PASS" signature="afterMethod()[pri:0, instance:com.amazon.testpage.RegistrationTest@ed9d034]" name="afterMethod" is-config="true" duration-ms="1" started-at="2020-01-27T10:42:01 GMT" finished-at="2020-01-27T10:42:01 GMT">
          <reporter-output>
          </reporter-output>
        </test-method> <!-- afterMethod -->
        <test-method status="PASS" signature="beforeMethod()[pri:0, instance:com.amazon.testpage.RegistrationTest@ed9d034]" name="beforeMethod" is-config="true" duration-ms="1618" started-at="2020-01-27T10:42:01 GMT" finished-at="2020-01-27T10:42:03 GMT">
          <reporter-output>
          </reporter-output>
        </test-method> <!-- beforeMethod -->
        <test-method status="PASS" signature="ScenarioOne(java.lang.String, java.lang.String, java.lang.String, java.lang.String, java.lang.String)[pri:0, instance:com.amazon.testpage.RegistrationTest@ed9d034]" name="ScenarioOne" duration-ms="32801" started-at="2020-01-27T10:42:03 GMT" data-provider="getdata" finished-at="2020-01-27T10:42:36 GMT">
          <params>
            <param index="0">
              <value>
                <![CDATA[Gaurav Garje]]>
              </value>
            </param>
            <param index="1">
              <value>
                <![CDATA[8421352651]]>
              </value>
            </param>
            <param index="2">
              <value>
                <![CDATA[example.amazon@gmail.com]]>
              </value>
            </param>
            <param index="3">
              <value>
                <![CDATA[Abcdef123]]>
              </value>
            </param>
            <param index="4">
              <value>
                <![CDATA[Hello, Gaurav]]>
              </value>
            </param>
          </params>
          <reporter-output>
          </reporter-output>
        </test-method> <!-- ScenarioOne -->
        <test-method status="PASS" signature="afterMethod()[pri:0, instance:com.amazon.testpage.RegistrationTest@ed9d034]" name="afterMethod" is-config="true" duration-ms="0" started-at="2020-01-27T10:42:36 GMT" finished-at="2020-01-27T10:42:36 GMT">
          <reporter-output>
          </reporter-output>
        </test-method> <!-- afterMethod -->
        <test-method status="PASS" signature="beforeMethod()[pri:0, instance:com.amazon.testpage.RegistrationTest@ed9d034]" name="beforeMethod" is-config="true" duration-ms="1084" started-at="2020-01-27T10:42:36 GMT" finished-at="2020-01-27T10:42:37 GMT">
          <reporter-output>
          </reporter-output>
        </test-method> <!-- beforeMethod -->
        <test-method status="PASS" signature="ScenarioSeven(java.lang.String, java.lang.String, java.lang.String, java.lang.String, java.lang.String)[pri:0, instance:com.amazon.testpage.RegistrationTest@ed9d034]" name="ScenarioSeven" duration-ms="10050" started-at="2020-01-27T10:42:37 GMT" data-provider="getdata" finished-at="2020-01-27T10:42:47 GMT">
          <params>
            <param index="0">
              <value>
                <![CDATA[Gaurav Garje]]>
              </value>
            </param>
            <param index="1">
              <value>
                <![CDATA[8421352651]]>
              </value>
            </param>
            <param index="2">
              <value>
                <![CDATA[example.amazon@gmail.com]]>
              </value>
            </param>
            <param index="3">
              <value>
                <![CDATA[Abcdef123]]>
              </value>
            </param>
            <param index="4">
              <value>
                <![CDATA[Hello, Gaurav]]>
              </value>
            </param>
          </params>
          <reporter-output>
          </reporter-output>
        </test-method> <!-- ScenarioSeven -->
        <test-method status="PASS" signature="afterMethod()[pri:0, instance:com.amazon.testpage.RegistrationTest@ed9d034]" name="afterMethod" is-config="true" duration-ms="1" started-at="2020-01-27T10:42:47 GMT" finished-at="2020-01-27T10:42:47 GMT">
          <reporter-output>
          </reporter-output>
        </test-method> <!-- afterMethod -->
        <test-method status="PASS" signature="beforeMethod()[pri:0, instance:com.amazon.testpage.RegistrationTest@ed9d034]" name="beforeMethod" is-config="true" duration-ms="1089" started-at="2020-01-27T10:42:47 GMT" finished-at="2020-01-27T10:42:48 GMT">
          <reporter-output>
          </reporter-output>
        </test-method> <!-- beforeMethod -->
        <test-method status="FAIL" signature="ScenarioSix(java.lang.String, java.lang.String, java.lang.String, java.lang.String, java.lang.String)[pri:0, instance:com.amazon.testpage.RegistrationTest@ed9d034]" name="ScenarioSix" duration-ms="13862" started-at="2020-01-27T10:42:48 GMT" data-provider="getdata" finished-at="2020-01-27T10:43:02 GMT">
          <params>
            <param index="0">
              <value>
                <![CDATA[Gaurav Garje]]>
              </value>
            </param>
            <param index="1">
              <value>
                <![CDATA[8421352651]]>
              </value>
            </param>
            <param index="2">
              <value>
                <![CDATA[example.amazon@gmail.com]]>
              </value>
            </param>
            <param index="3">
              <value>
                <![CDATA[Abcdef123]]>
              </value>
            </param>
            <param index="4">
              <value>
                <![CDATA[Hello, Gaurav]]>
              </value>
            </param>
          </params>
          <exception class="org.openqa.selenium.NoSuchElementException">
            <message>
              <![CDATA[no such element: Unable to locate element: {"method":"xpath","selector":"//div[@id='authportal-main-section']//p[contains(text(),'already exists')]"}
  (Session info: chrome=79.0.3945.130)
For documentation on this error, please visit: https://www.seleniumhq.org/exceptions/no_such_element.html
Build info: version: '3.141.59', revision: 'e82be7d358', time: '2018-11-14T08:17:03'
System info: host: 'PDCDT01GY4ZVQ1', ip: '192.168.2.3', os.name: 'Windows 7', os.arch: 'amd64', os.version: '6.1', java.version: '1.8.0_231'
Driver info: org.openqa.selenium.chrome.ChromeDriver
Capabilities {acceptInsecureCerts: false, browserName: chrome, browserVersion: 79.0.3945.130, chrome: {chromedriverVersion: 78.0.3904.70 (edb9c9f3de024..., userDataDir: C:\Users\P10444~1.PDC\AppDa...}, goog:chromeOptions: {debuggerAddress: localhost:57962}, javascriptEnabled: true, networkConnectionEnabled: false, pageLoadStrategy: normal, platform: XP, platformName: XP, proxy: Proxy(), setWindowRect: true, strictFileInteractability: false, timeouts: {implicit: 0, pageLoad: 300000, script: 30000}, unhandledPromptBehavior: dismiss and notify}
Session ID: f165477f3d7f38d12136b7c130c6aad0
*** Element info: {Using=xpath, value=//div[@id='authportal-main-section']//p[contains(text(),'already exists')]}]]>
            </message>
            <full-stacktrace>
              <![CDATA[org.openqa.selenium.NoSuchElementException: no such element: Unable to locate element: {"method":"xpath","selector":"//div[@id='authportal-main-section']//p[contains(text(),'already exists')]"}
  (Session info: chrome=79.0.3945.130)
For documentation on this error, please visit: https://www.seleniumhq.org/exceptions/no_such_element.html
Build info: version: '3.141.59', revision: 'e82be7d358', time: '2018-11-14T08:17:03'
System info: host: 'PDCDT01GY4ZVQ1', ip: '192.168.2.3', os.name: 'Windows 7', os.arch: 'amd64', os.version: '6.1', java.version: '1.8.0_231'
Driver info: org.openqa.selenium.chrome.ChromeDriver
Capabilities {acceptInsecureCerts: false, browserName: chrome, browserVersion: 79.0.3945.130, chrome: {chromedriverVersion: 78.0.3904.70 (edb9c9f3de024..., userDataDir: C:\Users\P10444~1.PDC\AppDa...}, goog:chromeOptions: {debuggerAddress: localhost:57962}, javascriptEnabled: true, networkConnectionEnabled: false, pageLoadStrategy: normal, platform: XP, platformName: XP, proxy: Proxy(), setWindowRect: true, strictFileInteractability: false, timeouts: {implicit: 0, pageLoad: 300000, script: 30000}, unhandledPromptBehavior: dismiss and notify}
Session ID: f165477f3d7f38d12136b7c130c6aad0
*** Element info: {Using=xpath, value=//div[@id='authportal-main-section']//p[contains(text(),'already exists')]}
at sun.reflect.NativeConstructorAccessorImpl.newInstance0(Native Method)
at sun.reflect.NativeConstructorAccessorImpl.newInstance(Unknown Source)
at sun.reflect.DelegatingConstructorAccessorImpl.newInstance(Unknown Source)
at java.lang.reflect.Constructor.newInstance(Unknown Source)
at org.openqa.selenium.remote.http.W3CHttpResponseCodec.createException(W3CHttpResponseCodec.java:187)
at org.openqa.selenium.remote.http.W3CHttpResponseCodec.decode(W3CHttpResponseCodec.java:122)
at org.openqa.selenium.remote.http.W3CHttpResponseCodec.decode(W3CHttpResponseCodec.java:49)
at org.openqa.selenium.remote.HttpCommandExecutor.execute(HttpCommandExecutor.java:158)
at org.openqa.selenium.remote.service.DriverCommandExecutor.execute(DriverCommandExecutor.java:83)
at org.openqa.selenium.remote.RemoteWebDriver.execute(RemoteWebDriver.java:552)
at org.openqa.selenium.remote.RemoteWebDriver.findElement(RemoteWebDriver.java:323)
at org.openqa.selenium.remote.RemoteWebDriver.findElementByXPath(RemoteWebDriver.java:428)
at org.openqa.selenium.By$ByXPath.findElement(By.java:353)
at org.openqa.selenium.remote.RemoteWebDriver.findElement(RemoteWebDriver.java:315)
at org.openqa.selenium.support.pagefactory.DefaultElementLocator.findElement(DefaultElementLocator.java:69)
at org.openqa.selenium.support.pagefactory.internal.LocatingElementHandler.invoke(LocatingElementHandler.java:38)
at com.sun.proxy.$Proxy12.getText(Unknown Source)
at com.amazon.pages.RegistrationPage.RegisMob(RegistrationPage.java:187)
at com.amazon.testpage.RegistrationTest.ScenarioSix(RegistrationTest.java:358)
at sun.reflect.NativeMethodAccessorImpl.invoke0(Native Method)
at sun.reflect.NativeMethodAccessorImpl.invoke(Unknown Source)
at sun.reflect.DelegatingMethodAccessorImpl.invoke(Unknown Source)
at java.lang.reflect.Method.invoke(Unknown Source)
at org.testng.internal.MethodInvocationHelper.invokeMethod(MethodInvocationHelper.java:134)
at org.testng.internal.TestInvoker.invokeMethod(TestInvoker.java:597)
at org.testng.internal.TestInvoker.invokeTestMethod(TestInvoker.java:173)
at org.testng.internal.MethodRunner.runInSequence(MethodRunner.java:46)
at org.testng.internal.TestInvoker$MethodInvocationAgent.invoke(TestInvoker.java:816)
at org.testng.internal.TestInvoker.invokeTestMethods(TestInvoker.java:146)
at org.testng.internal.TestMethodWorker.invokeTestMethods(TestMethodWorker.java:146)
at org.testng.internal.TestMethodWorker.run(TestMethodWorker.java:128)
at java.util.ArrayList.forEach(Unknown Source)
at org.testng.TestRunner.privateRun(TestRunner.java:766)
at org.testng.TestRunner.run(TestRunner.java:587)
at org.testng.SuiteRunner.runTest(SuiteRunner.java:384)
at org.testng.SuiteRunner.runSequentially(SuiteRunner.java:378)
at org.testng.SuiteRunner.privateRun(SuiteRunner.java:337)
at org.testng.SuiteRunner.run(SuiteRunner.java:286)
at org.testng.SuiteRunnerWorker.runSuite(SuiteRunnerWorker.java:53)
at org.testng.SuiteRunnerWorker.run(SuiteRunnerWorker.java:96)
at org.testng.TestNG.runSuitesSequentially(TestNG.java:1187)
at org.testng.TestNG.runSuitesLocally(TestNG.java:1109)
at org.testng.TestNG.runSuites(TestNG.java:1039)
at org.testng.TestNG.run(TestNG.java:1007)
at org.testng.remote.AbstractRemoteTestNG.run(AbstractRemoteTestNG.java:115)
at org.testng.remote.RemoteTestNG.initAndRun(RemoteTestNG.java:251)
at org.testng.remote.RemoteTestNG.main(RemoteTestNG.java:77)
]]>
            </full-stacktrace>
          </exception> <!-- org.openqa.selenium.NoSuchElementException -->
          <reporter-output>
          </reporter-output>
        </test-method> <!-- ScenarioSix -->
        <test-method status="PASS" signature="afterMethod()[pri:0, instance:com.amazon.testpage.RegistrationTest@ed9d034]" name="afterMethod" is-config="true" duration-ms="0" started-at="2020-01-27T10:43:02 GMT" finished-at="2020-01-27T10:43:02 GMT">
          <reporter-output>
          </reporter-output>
        </test-method> <!-- afterMethod -->
        <test-method status="PASS" signature="beforeMethod()[pri:0, instance:com.amazon.testpage.RegistrationTest@ed9d034]" name="beforeMethod" is-config="true" duration-ms="1241" started-at="2020-01-27T10:43:02 GMT" finished-at="2020-01-27T10:43:03 GMT">
          <reporter-output>
          </reporter-output>
        </test-method> <!-- beforeMethod -->
        <test-method status="PASS" signature="ScenarioThree(java.lang.String, java.lang.String, java.lang.String, java.lang.String, java.lang.String)[pri:0, instance:com.amazon.testpage.RegistrationTest@ed9d034]" name="ScenarioThree" duration-ms="31844" started-at="2020-01-27T10:43:03 GMT" data-provider="getdata" finished-at="2020-01-27T10:43:35 GMT">
          <params>
            <param index="0">
              <value>
                <![CDATA[Gaurav Garje]]>
              </value>
            </param>
            <param index="1">
              <value>
                <![CDATA[8421352651]]>
              </value>
            </param>
            <param index="2">
              <value>
                <![CDATA[example.amazon@gmail.com]]>
              </value>
            </param>
            <param index="3">
              <value>
                <![CDATA[Abcdef123]]>
              </value>
            </param>
            <param index="4">
              <value>
                <![CDATA[Hello, Gaurav]]>
              </value>
            </param>
          </params>
          <reporter-output>
          </reporter-output>
        </test-method> <!-- ScenarioThree -->
        <test-method status="PASS" signature="afterMethod()[pri:0, instance:com.amazon.testpage.RegistrationTest@ed9d034]" name="afterMethod" is-config="true" duration-ms="0" started-at="2020-01-27T10:43:35 GMT" finished-at="2020-01-27T10:43:35 GMT">
          <reporter-output>
          </reporter-output>
        </test-method> <!-- afterMethod -->
        <test-method status="PASS" signature="beforeMethod()[pri:0, instance:com.amazon.testpage.RegistrationTest@ed9d034]" name="beforeMethod" is-config="true" duration-ms="1142" started-at="2020-01-27T10:43:35 GMT" finished-at="2020-01-27T10:43:36 GMT">
          <reporter-output>
          </reporter-output>
        </test-method> <!-- beforeMethod -->
        <test-method status="PASS" signature="ScenarioTwo(java.lang.String, java.lang.String, java.lang.String, java.lang.String, java.lang.String)[pri:0, instance:com.amazon.testpage.RegistrationTest@ed9d034]" name="ScenarioTwo" duration-ms="35731" started-at="2020-01-27T10:43:36 GMT" data-provider="getdata" finished-at="2020-01-27T10:44:12 GMT">
          <params>
            <param index="0">
              <value>
                <![CDATA[Gaurav Garje]]>
              </value>
            </param>
            <param index="1">
              <value>
                <![CDATA[8421352651]]>
              </value>
            </param>
            <param index="2">
              <value>
                <![CDATA[example.amazon@gmail.com]]>
              </value>
            </param>
            <param index="3">
              <value>
                <![CDATA[Abcdef123]]>
              </value>
            </param>
            <param index="4">
              <value>
                <![CDATA[Hello, Gaurav]]>
              </value>
            </param>
          </params>
          <reporter-output>
          </reporter-output>
        </test-method> <!-- ScenarioTwo -->
        <test-method status="PASS" signature="afterMethod()[pri:0, instance:com.amazon.testpage.RegistrationTest@ed9d034]" name="afterMethod" is-config="true" duration-ms="0" started-at="2020-01-27T10:44:12 GMT" finished-at="2020-01-27T10:44:12 GMT">
          <reporter-output>
          </reporter-output>
        </test-method> <!-- afterMethod -->
        <test-method status="PASS" signature="afterClass()[pri:0, instance:com.amazon.testpage.RegistrationTest@ed9d034]" name="afterClass" is-config="true" duration-ms="2524" started-at="2020-01-27T10:44:12 GMT" finished-at="2020-01-27T10:44:14 GMT">
          <reporter-output>
          </reporter-output>
        </test-method> <!-- afterClass -->
      </class> <!-- com.amazon.testpage.RegistrationTest -->
    </test> <!-- Test -->
  </suite> <!-- Suite -->
</testng-results>
