<?xml version="1.0" encoding="UTF-8"?>
<!-- Generated by org.testng.reporters.JUnitXMLReporter -->
<testsuite hostname="PDCDT01GY4ZVQ1" ignored="0" name="Test" tests="19" failures="3" timestamp="2020-02-06T07:06:43 GMT" time="278.513" errors="0">
  <testcase name="ScenarioFive" time="3.78" classname="com.amazon.testpage.RegistrationTest"/>
  <testcase name="ScenarioFour" time="1.975" classname="com.amazon.testpage.RegistrationTest"/>
  <testcase name="ScenarioOne" time="30.796" classname="com.amazon.testpage.RegistrationTest"/>
  <testcase name="ScenarioSeven" time="13.845" classname="com.amazon.testpage.RegistrationTest"/>
  <testcase name="ScenarioSix" time="3.445" classname="com.amazon.testpage.RegistrationTest">
    <failure type="java.lang.AssertionError" message="expected [You indicated you are a new customer, but an account already exists with the mobile number +91 7385502840] but found [You indicated you are a new customer, but an account already exists with the mobile number +91 8793100405]">
      <![CDATA[java.lang.AssertionError: expected [You indicated you are a new customer, but an account already exists with the mobile number +91 7385502840] but found [You indicated you are a new customer, but an account already exists with the mobile number +91 8793100405]
at com.amazon.testpage.RegistrationTest.ScenarioSix(RegistrationTest.java:360)
at java.util.ArrayList.forEach(Unknown Source)
... Removed 32 stack frames]]>
    </failure>
  </testcase> <!-- ScenarioSix -->
  <testcase name="ScenarioThree" time="29.893" classname="com.amazon.testpage.RegistrationTest"/>
  <testcase name="ScenarioTwo" time="26.434" classname="com.amazon.testpage.RegistrationTest"/>
  <testcase name="ScenarioFive" time="4.372" classname="com.amazon.testpage.LoginTest"/>
  <testcase name="ScenarioFour" time="0.872" classname="com.amazon.testpage.LoginTest"/>
  <testcase name="ScenarioOne" time="29.892" classname="com.amazon.testpage.LoginTest"/>
  <testcase name="ScenarioSeven" time="1.917" classname="com.amazon.testpage.LoginTest"/>
  <testcase name="ScenarioSix" time="21.106" classname="com.amazon.testpage.LoginTest">
    <failure type="org.openqa.selenium.NoSuchElementException" message="no such element: Unable to locate element: {&amp;quot;method&amp;quot;:&amp;quot;xpath&amp;quot;,&amp;quot;selector&amp;quot;:&amp;quot;//a[@id=&amp;apos;nav-link-accountList&amp;apos;]/span[contains(text(),&amp;apos;Hello,&amp;apos;)]&amp;quot;}
  (Session info: chrome=79.0.3945.130)
For documentation on this error, please visit: https://www.seleniumhq.org/exceptions/no_such_element.html
Build info: version: &amp;apos;3.141.59&amp;apos;, revision: &amp;apos;e82be7d358&amp;apos;, time: &amp;apos;2018-11-14T08:17:03&amp;apos;
System info: host: &amp;apos;PDCDT01GY4ZVQ1&amp;apos;, ip: &amp;apos;192.168.2.6&amp;apos;, os.name: &amp;apos;Windows 7&amp;apos;, os.arch: &amp;apos;amd64&amp;apos;, os.version: &amp;apos;6.1&amp;apos;, java.version: &amp;apos;1.8.0_231&amp;apos;
Driver info: org.openqa.selenium.chrome.ChromeDriver
Capabilities {acceptInsecureCerts: false, browserName: chrome, browserVersion: 79.0.3945.130, chrome: {chromedriverVersion: 78.0.3904.70 (edb9c9f3de024..., userDataDir: C:\Users\P10444~1.PDC\AppDa...}, goog:chromeOptions: {debuggerAddress: localhost:55710}, javascriptEnabled: true, networkConnectionEnabled: false, pageLoadStrategy: normal, platform: XP, platformName: XP, proxy: Proxy(), setWindowRect: true, strictFileInteractability: false, timeouts: {implicit: 0, pageLoad: 300000, script: 30000}, unhandledPromptBehavior: dismiss and notify}
Session ID: 4b8fcbccd82e761938644a014b8b448a
*** Element info: {Using=xpath, value=//a[@id=&amp;apos;nav-link-accountList&amp;apos;]/span[contains(text(),&amp;apos;Hello,&amp;apos;)]}">
      <![CDATA[org.openqa.selenium.NoSuchElementException: no such element: Unable to locate element: {"method":"xpath","selector":"//a[@id='nav-link-accountList']/span[contains(text(),'Hello,')]"}
  (Session info: chrome=79.0.3945.130)
For documentation on this error, please visit: https://www.seleniumhq.org/exceptions/no_such_element.html
Build info: version: '3.141.59', revision: 'e82be7d358', time: '2018-11-14T08:17:03'
System info: host: 'PDCDT01GY4ZVQ1', ip: '192.168.2.6', os.name: 'Windows 7', os.arch: 'amd64', os.version: '6.1', java.version: '1.8.0_231'
Driver info: org.openqa.selenium.chrome.ChromeDriver
Capabilities {acceptInsecureCerts: false, browserName: chrome, browserVersion: 79.0.3945.130, chrome: {chromedriverVersion: 78.0.3904.70 (edb9c9f3de024..., userDataDir: C:\Users\P10444~1.PDC\AppDa...}, goog:chromeOptions: {debuggerAddress: localhost:55710}, javascriptEnabled: true, networkConnectionEnabled: false, pageLoadStrategy: normal, platform: XP, platformName: XP, proxy: Proxy(), setWindowRect: true, strictFileInteractability: false, timeouts: {implicit: 0, pageLoad: 300000, script: 30000}, unhandledPromptBehavior: dismiss and notify}
Session ID: 4b8fcbccd82e761938644a014b8b448a
*** Element info: {Using=xpath, value=//a[@id='nav-link-accountList']/span[contains(text(),'Hello,')]}
at org.openqa.selenium.remote.http.W3CHttpResponseCodec.createException(W3CHttpResponseCodec.java:187)
at org.openqa.selenium.remote.http.W3CHttpResponseCodec.decode(W3CHttpResponseCodec.java:122)
at org.openqa.selenium.remote.http.W3CHttpResponseCodec.decode(W3CHttpResponseCodec.java:49)
at org.openqa.selenium.remote.HttpCommandExecutor.execute(HttpCommandExecutor.java:158)
at org.openqa.selenium.remote.service.DriverCommandExecutor.execute(DriverCommandExecutor.java:83)
at org.openqa.selenium.remote.RemoteWebDriver.execute(RemoteWebDriver.java:552)
at org.openqa.selenium.remote.RemoteWebDriver.findElement(RemoteWebDriver.java:323)
at org.openqa.selenium.remote.RemoteWebDriver.findElementByXPath(RemoteWebDriver.java:428)
at org.openqa.selenium.By$ByXPath.findElement(By.java:353)
at org.openqa.selenium.remote.RemoteWebDriver.findElement(RemoteWebDriver.java:315)
at org.openqa.selenium.support.pagefactory.DefaultElementLocator.findElement(DefaultElementLocator.java:69)
at org.openqa.selenium.support.pagefactory.internal.LocatingElementHandler.invoke(LocatingElementHandler.java:38)
at com.sun.proxy.$Proxy12.getText(Unknown Source)
at com.amazon.pages.VerifyUserLoggedInPage.Verifylogin(VerifyUserLoggedInPage.java:36)
at com.amazon.testpage.LoginTest.ScenarioSix(LoginTest.java:348)
at java.util.ArrayList.forEach(Unknown Source)
... Removed 31 stack frames]]>
    </failure>
  </testcase> <!-- ScenarioSix -->
  <testcase name="ScenarioThree" time="16.499" classname="com.amazon.testpage.LoginTest"/>
  <testcase name="ScenarioTwo" time="1.772" classname="com.amazon.testpage.LoginTest"/>
  <testcase name="FirstTest" time="9.917" classname="com.amazon.testpage.CreateWishList"/>
  <testcase name="SecondTest" time="4.032" classname="com.amazon.testpage.CreateWishList"/>
  <testcase name="ThirdTest" time="4.613" classname="com.amazon.testpage.CreateWishList"/>
  <testcase name="FourthTest" time="5.548" classname="com.amazon.testpage.CreateWishList">
    <failure type="org.openqa.selenium.ElementClickInterceptedException" message="element click intercepted: Element &amp;lt;a class=&amp;quot;a-link-normal a-text-normal&amp;quot; target=&amp;quot;_blank&amp;quot; href=&amp;quot;/Apple-iPhone-Pro-Max-256GB/dp/B07XLS5796/ref=sr_1_3?keywords=iphone+11+pro+max+256gb&amp;amp;amp;qid=1580972786&amp;amp;amp;sr=8-3&amp;quot;&amp;gt;...&amp;lt;/a&amp;gt; is not clickable at point (746, 721). Other element would receive the click: &amp;lt;div class=&amp;quot;sg-col-inner&amp;quot;&amp;gt;...&amp;lt;/div&amp;gt;
  (Session info: chrome=79.0.3945.130)
Build info: version: &amp;apos;3.141.59&amp;apos;, revision: &amp;apos;e82be7d358&amp;apos;, time: &amp;apos;2018-11-14T08:17:03&amp;apos;
System info: host: &amp;apos;PDCDT01GY4ZVQ1&amp;apos;, ip: &amp;apos;192.168.2.6&amp;apos;, os.name: &amp;apos;Windows 7&amp;apos;, os.arch: &amp;apos;amd64&amp;apos;, os.version: &amp;apos;6.1&amp;apos;, java.version: &amp;apos;1.8.0_231&amp;apos;
Driver info: org.openqa.selenium.chrome.ChromeDriver
Capabilities {acceptInsecureCerts: false, browserName: chrome, browserVersion: 79.0.3945.130, chrome: {chromedriverVersion: 78.0.3904.70 (edb9c9f3de024..., userDataDir: C:\Users\P10444~1.PDC\AppDa...}, goog:chromeOptions: {debuggerAddress: localhost:55798}, javascriptEnabled: true, networkConnectionEnabled: false, pageLoadStrategy: normal, platform: XP, platformName: XP, proxy: Proxy(), setWindowRect: true, strictFileInteractability: false, timeouts: {implicit: 0, pageLoad: 300000, script: 30000}, unhandledPromptBehavior: dismiss and notify}
Session ID: 54c428c044a4453cd8e9bd1928a24953">
      <![CDATA[org.openqa.selenium.ElementClickInterceptedException: element click intercepted: Element <a class="a-link-normal a-text-normal" target="_blank" href="/Apple-iPhone-Pro-Max-256GB/dp/B07XLS5796/ref=sr_1_3?keywords=iphone+11+pro+max+256gb&amp;qid=1580972786&amp;sr=8-3">...</a> is not clickable at point (746, 721). Other element would receive the click: <div class="sg-col-inner">...</div>
  (Session info: chrome=79.0.3945.130)
Build info: version: '3.141.59', revision: 'e82be7d358', time: '2018-11-14T08:17:03'
System info: host: 'PDCDT01GY4ZVQ1', ip: '192.168.2.6', os.name: 'Windows 7', os.arch: 'amd64', os.version: '6.1', java.version: '1.8.0_231'
Driver info: org.openqa.selenium.chrome.ChromeDriver
Capabilities {acceptInsecureCerts: false, browserName: chrome, browserVersion: 79.0.3945.130, chrome: {chromedriverVersion: 78.0.3904.70 (edb9c9f3de024..., userDataDir: C:\Users\P10444~1.PDC\AppDa...}, goog:chromeOptions: {debuggerAddress: localhost:55798}, javascriptEnabled: true, networkConnectionEnabled: false, pageLoadStrategy: normal, platform: XP, platformName: XP, proxy: Proxy(), setWindowRect: true, strictFileInteractability: false, timeouts: {implicit: 0, pageLoad: 300000, script: 30000}, unhandledPromptBehavior: dismiss and notify}
Session ID: 54c428c044a4453cd8e9bd1928a24953
at org.openqa.selenium.remote.http.W3CHttpResponseCodec.createException(W3CHttpResponseCodec.java:187)
at org.openqa.selenium.remote.http.W3CHttpResponseCodec.decode(W3CHttpResponseCodec.java:122)
at org.openqa.selenium.remote.http.W3CHttpResponseCodec.decode(W3CHttpResponseCodec.java:49)
at org.openqa.selenium.remote.HttpCommandExecutor.execute(HttpCommandExecutor.java:158)
at org.openqa.selenium.remote.service.DriverCommandExecutor.execute(DriverCommandExecutor.java:83)
at org.openqa.selenium.remote.RemoteWebDriver.execute(RemoteWebDriver.java:552)
at org.openqa.selenium.remote.RemoteWebElement.execute(RemoteWebElement.java:285)
at org.openqa.selenium.remote.RemoteWebElement.click(RemoteWebElement.java:84)
at org.openqa.selenium.support.pagefactory.internal.LocatingElementHandler.invoke(LocatingElementHandler.java:51)
at com.sun.proxy.$Proxy12.click(Unknown Source)
at com.amazon.pages.WishListPage.CreateProductWish(WishListPage.java:162)
at com.amazon.testpage.CreateWishList.FourthTest(CreateWishList.java:109)
at java.util.ArrayList.forEach(Unknown Source)
... Removed 34 stack frames]]>
    </failure>
  </testcase> <!-- FourthTest -->
  <testcase name="FifthTest" time="0.0" classname="com.amazon.testpage.CreateWishList">
    <skipped/>
  </testcase> <!-- FifthTest -->
</testsuite> <!-- Test -->
